Arguments: 
  D:\node.exe D:\bin\yarn.js add -D @typescript

PATH: 
  D:\Git\mingw64\bin;D:\Git\usr\bin;C:\Users\Caio\bin;C:\Program Files (x86)\Common Files\Intel\Shared Libraries\redist\intel64\compiler;C:\Windows\system32;C:\Windows;C:\Windows\System32\Wbem;C:\Windows\System32\WindowsPowerShell\v1.0;C:\Windows\System32\OpenSSH;D:\Git\cmd;D:\bin;C:\ProgramData\chocolatey\bin;C:\ProgramData\chocolatey\lib\gsudo\bin;C:\Program Files (x86)\NVIDIA Corporation\PhysX\Common;C:\Program Files\dotnet;C:\Program Files\Docker\Docker\resources\bin;C:\ProgramData\DockerDesktop\version-bin;D:\;C:\Users\Caio\AppData\Local\Microsoft\WindowsApps;C:\Users\Caio\AppData\Local\Programs\Microsoft VS Code\bin;C:\Users\Caio\AppData\Local\Yarn\bin;D:\heroku\bin;C:\Users\Caio\AppData\Local\hyper\app-3.0.2\resources\bin;C:\Users\Caio\.dotnet\tools;C:\Users\Caio\AppData\Roaming\npm;C:\Users\Caio\AppData\Local\Android\Sdk\platform-tools

Yarn version: 
  1.22.5

Node version: 
  16.7.0

Platform: 
  win32 x64

Trace: 
  Error: https://registry.yarnpkg.com/@typescript: Request "https://registry.yarnpkg.com/@typescript" returned a 405
      at Request.params.callback [as _callback] (D:\lib\cli.js:66106:18)
      at Request.self.callback (D:\lib\cli.js:140749:22)
      at Request.emit (node:events:394:28)
      at Request.<anonymous> (D:\lib\cli.js:141721:10)
      at Request.emit (node:events:394:28)
      at IncomingMessage.<anonymous> (D:\lib\cli.js:141643:12)
      at Object.onceWrapper (node:events:513:28)
      at IncomingMessage.emit (node:events:406:35)
      at endReadableNT (node:internal/streams/readable:1348:12)
      at processTicksAndRejections (node:internal/process/task_queues:83:21)

npm manifest: 
  {
    "name": "form-validation",
    "version": "1.0.0",
    "main": "index.js",
    "license": "MIT"
  }

yarn manifest: 
  No manifest

Lockfile: 
  No lockfile
